{"timestamp":"2025-10-06T23:42:12.186687Z","level":"info","event":"DAG bundles loaded: dags-folder","logger":"airflow.dag_processing.bundles.manager.DagBundlesManager","filename":"manager.py","lineno":179}
{"timestamp":"2025-10-06T23:42:12.186987Z","level":"info","event":"Filling up the DagBag from /opt/airflow/dags/airflow.py","logger":"airflow.models.dagbag.DagBag","filename":"dagbag.py","lineno":593}
{"timestamp":"2025-10-06T23:42:13.988962Z","level":"info","event":"","logger":"task.stdout"}
{"timestamp":"2025-10-06T23:42:13.989404Z","level":"info","event":"======================================================================","logger":"task.stdout"}
{"timestamp":"2025-10-06T23:42:13.989522Z","level":"info","event":"MODEL EVALUATION RESULTS","logger":"task.stdout"}
{"timestamp":"2025-10-06T23:42:13.989644Z","level":"info","event":"======================================================================","logger":"task.stdout"}
{"timestamp":"2025-10-06T23:42:13.989736Z","level":"info","event":"Number of Clusters: 10","logger":"task.stdout"}
{"timestamp":"2025-10-06T23:42:13.989814Z","level":"info","event":"Silhouette Score: 0.3432 (higher is better)","logger":"task.stdout"}
{"timestamp":"2025-10-06T23:42:13.989892Z","level":"info","event":"Inertia (SSE): 4520.65","logger":"task.stdout"}
{"timestamp":"2025-10-06T23:42:13.990063Z","level":"info","event":"","logger":"task.stdout"}
{"timestamp":"2025-10-06T23:42:13.990117Z","level":"info","event":"Cluster Distribution:","logger":"task.stdout"}
{"timestamp":"2025-10-06T23:42:13.990172Z","level":"info","event":"  Cluster 0: 1467 samples (17.0%)","logger":"task.stdout"}
{"timestamp":"2025-10-06T23:42:13.990226Z","level":"info","event":"  Cluster 1: 427 samples (4.9%)","logger":"task.stdout"}
{"timestamp":"2025-10-06T23:42:13.990286Z","level":"info","event":"  Cluster 2: 3287 samples (38.1%)","logger":"task.stdout"}
{"timestamp":"2025-10-06T23:42:13.990339Z","level":"info","event":"  Cluster 3: 369 samples (4.3%)","logger":"task.stdout"}
{"timestamp":"2025-10-06T23:42:13.990390Z","level":"info","event":"  Cluster 4: 134 samples (1.6%)","logger":"task.stdout"}
{"timestamp":"2025-10-06T23:42:13.990441Z","level":"info","event":"  Cluster 5: 22 samples (0.3%)","logger":"task.stdout"}
{"timestamp":"2025-10-06T23:42:13.990483Z","level":"info","event":"  Cluster 6: 80 samples (0.9%)","logger":"task.stdout"}
{"timestamp":"2025-10-06T23:42:13.990522Z","level":"info","event":"  Cluster 7: 577 samples (6.7%)","logger":"task.stdout"}
{"timestamp":"2025-10-06T23:42:13.990561Z","level":"info","event":"  Cluster 8: 1360 samples (15.7%)","logger":"task.stdout"}
{"timestamp":"2025-10-06T23:42:13.990599Z","level":"info","event":"  Cluster 9: 913 samples (10.6%)","logger":"task.stdout"}
{"timestamp":"2025-10-06T23:42:13.990637Z","level":"info","event":"======================================================================","logger":"task.stdout"}
{"timestamp":"2025-10-06T23:42:13.990674Z","level":"info","event":"","logger":"task.stdout"}
{"timestamp":"2025-10-06T23:42:13.989349Z","level":"info","event":"Done. Returned value was: {'silhouette_score': 0.3431572160279554, 'inertia': 4520.653574690554, 'n_clusters': 10}","logger":"airflow.task.operators.airflow.providers.standard.operators.python.PythonOperator","filename":"python.py","lineno":218}
{"timestamp":"2025-10-06T23:42:13.989695Z","level":"info","event":"Pushing xcom","ti":"RuntimeTaskInstance(id=UUID('0199bbe7-3ec0-771a-9622-9d23ef51716d'), task_id='evaluate_model_task', dag_id='Airflow_Lab1', run_id='manual__2025-10-06T23:41:58.314555+00:00', try_number=1, dag_version_id=UUID('0199bbe2-03d1-774a-b559-f358aa514a30'), map_index=-1, hostname='ef71977fa6ce', context_carrier={}, task=<Task(PythonOperator): evaluate_model_task>, bundle_instance=LocalDagBundle(name=dags-folder), max_tries=0, start_date=datetime.datetime(2025, 10, 6, 23, 42, 12, 110187, tzinfo=datetime.timezone.utc), end_date=None, state=<TaskInstanceState.RUNNING: 'running'>, is_mapped=False, rendered_map_index=None)","logger":"task","filename":"task_runner.py","lineno":1352}
