{"timestamp":"2025-10-07T01:52:32.454715Z","level":"info","event":"DAG bundles loaded: dags-folder","logger":"airflow.dag_processing.bundles.manager.DagBundlesManager","filename":"manager.py","lineno":179}
{"timestamp":"2025-10-07T01:52:32.455077Z","level":"info","event":"Filling up the DagBag from /opt/airflow/dags/airflow.py","logger":"airflow.models.dagbag.DagBag","filename":"dagbag.py","lineno":593}
{"timestamp":"2025-10-07T01:52:33.768671Z","level":"info","event":"","logger":"task.stdout"}
{"timestamp":"2025-10-07T01:52:33.768851Z","level":"info","event":"======================================================================","logger":"task.stdout"}
{"timestamp":"2025-10-07T01:52:33.768947Z","level":"info","event":"MODEL EVALUATION RESULTS","logger":"task.stdout"}
{"timestamp":"2025-10-07T01:52:33.769030Z","level":"info","event":"======================================================================","logger":"task.stdout"}
{"timestamp":"2025-10-07T01:52:33.769087Z","level":"info","event":"Number of Clusters: 10","logger":"task.stdout"}
{"timestamp":"2025-10-07T01:52:33.769145Z","level":"info","event":"Silhouette Score: 0.3432 (higher is better)","logger":"task.stdout"}
{"timestamp":"2025-10-07T01:52:33.769204Z","level":"info","event":"Inertia (SSE): 4520.65","logger":"task.stdout"}
{"timestamp":"2025-10-07T01:52:33.769312Z","level":"info","event":"","logger":"task.stdout"}
{"timestamp":"2025-10-07T01:52:33.769367Z","level":"info","event":"Cluster Distribution:","logger":"task.stdout"}
{"timestamp":"2025-10-07T01:52:33.769420Z","level":"info","event":"  Cluster 0: 1467 samples (17.0%)","logger":"task.stdout"}
{"timestamp":"2025-10-07T01:52:33.769475Z","level":"info","event":"  Cluster 1: 427 samples (4.9%)","logger":"task.stdout"}
{"timestamp":"2025-10-07T01:52:33.769526Z","level":"info","event":"  Cluster 2: 3287 samples (38.1%)","logger":"task.stdout"}
{"timestamp":"2025-10-07T01:52:33.769580Z","level":"info","event":"  Cluster 3: 369 samples (4.3%)","logger":"task.stdout"}
{"timestamp":"2025-10-07T01:52:33.769631Z","level":"info","event":"  Cluster 4: 134 samples (1.6%)","logger":"task.stdout"}
{"timestamp":"2025-10-07T01:52:33.769681Z","level":"info","event":"  Cluster 5: 22 samples (0.3%)","logger":"task.stdout"}
{"timestamp":"2025-10-07T01:52:33.769731Z","level":"info","event":"  Cluster 6: 80 samples (0.9%)","logger":"task.stdout"}
{"timestamp":"2025-10-07T01:52:33.769785Z","level":"info","event":"  Cluster 7: 577 samples (6.7%)","logger":"task.stdout"}
{"timestamp":"2025-10-07T01:52:33.769827Z","level":"info","event":"  Cluster 8: 1360 samples (15.7%)","logger":"task.stdout"}
{"timestamp":"2025-10-07T01:52:33.769869Z","level":"info","event":"  Cluster 9: 913 samples (10.6%)","logger":"task.stdout"}
{"timestamp":"2025-10-07T01:52:33.769908Z","level":"info","event":"======================================================================","logger":"task.stdout"}
{"timestamp":"2025-10-07T01:52:33.769946Z","level":"info","event":"","logger":"task.stdout"}
{"timestamp":"2025-10-07T01:52:33.768891Z","level":"info","event":"Done. Returned value was: {'silhouette_score': 0.3431572160279554, 'inertia': 4520.653574690553, 'n_clusters': 10}","logger":"airflow.task.operators.airflow.providers.standard.operators.python.PythonOperator","filename":"python.py","lineno":218}
{"timestamp":"2025-10-07T01:52:33.769037Z","level":"info","event":"Pushing xcom","ti":"RuntimeTaskInstance(id=UUID('0199bc5e-9381-7773-b3f2-d06a8877a762'), task_id='evaluate_model_task', dag_id='Airflow_Lab1', run_id='manual__2025-10-07T01:52:18.792277+00:00', try_number=1, dag_version_id=UUID('0199bc55-4b0c-75dc-88b3-53cc0a101519'), map_index=-1, hostname='ef71977fa6ce', context_carrier={}, task=<Task(PythonOperator): evaluate_model_task>, bundle_instance=LocalDagBundle(name=dags-folder), max_tries=0, start_date=datetime.datetime(2025, 10, 7, 1, 52, 32, 362531, tzinfo=datetime.timezone.utc), end_date=None, state=<TaskInstanceState.RUNNING: 'running'>, is_mapped=False, rendered_map_index=None)","logger":"task","filename":"task_runner.py","lineno":1352}
