{"timestamp":"2025-10-07T01:52:34.201819Z","level":"info","event":"DAG bundles loaded: dags-folder","logger":"airflow.dag_processing.bundles.manager.DagBundlesManager","filename":"manager.py","lineno":179}
{"timestamp":"2025-10-07T01:52:34.202223Z","level":"info","event":"Filling up the DagBag from /opt/airflow/dags/airflow.py","logger":"airflow.models.dagbag.DagBag","filename":"dagbag.py","lineno":593}
{"timestamp":"2025-10-07T01:52:34.727431Z","level":"info","event":"","logger":"task.stdout"}
{"timestamp":"2025-10-07T01:52:34.727531Z","level":"info","event":"======================================================================","logger":"task.stdout"}
{"timestamp":"2025-10-07T01:52:34.727599Z","level":"info","event":"PIPELINE COMPLETION NOTIFICATION","logger":"task.stdout"}
{"timestamp":"2025-10-07T01:52:34.727740Z","level":"info","event":"======================================================================","logger":"task.stdout"}
{"timestamp":"2025-10-07T01:52:34.727813Z","level":"info","event":"{","logger":"task.stdout"}
{"timestamp":"2025-10-07T01:52:34.727863Z","level":"info","event":"  \"pipeline\": \"Credit Card Clustering Analysis\",","logger":"task.stdout"}
{"timestamp":"2025-10-07T01:52:34.727925Z","level":"info","event":"  \"status\": \"SUCCESS\",","logger":"task.stdout"}
{"timestamp":"2025-10-07T01:52:34.728225Z","level":"info","event":"  \"timestamp\": \"2025-10-07 01:52:34\",","logger":"task.stdout"}
{"timestamp":"2025-10-07T01:52:34.728267Z","level":"info","event":"  \"optimal_clusters\": 5,","logger":"task.stdout"}
{"timestamp":"2025-10-07T01:52:34.728299Z","level":"info","event":"  \"prediction_result\": 5,","logger":"task.stdout"}
{"timestamp":"2025-10-07T01:52:34.728331Z","level":"info","event":"  \"silhouette_score\": 0.3431572160279554,","logger":"task.stdout"}
{"timestamp":"2025-10-07T01:52:34.728362Z","level":"info","event":"  \"final_sse\": 4520.653574690553,","logger":"task.stdout"}
{"timestamp":"2025-10-07T01:52:34.728392Z","level":"info","event":"  \"message\": \"Pipeline completed successfully!\"","logger":"task.stdout"}
{"timestamp":"2025-10-07T01:52:34.728423Z","level":"info","event":"}","logger":"task.stdout"}
{"timestamp":"2025-10-07T01:52:34.728453Z","level":"info","event":"======================================================================","logger":"task.stdout"}
{"timestamp":"2025-10-07T01:52:34.728483Z","level":"info","event":"","logger":"task.stdout"}
{"timestamp":"2025-10-07T01:52:34.728528Z","level":"info","event":"Report saved to: /opt/airflow/dags/reports/pipeline_report_20251007_015234.json","logger":"task.stdout"}
{"timestamp":"2025-10-07T01:52:34.728559Z","level":"info","event":"","logger":"task.stdout"}
{"timestamp":"2025-10-07T01:52:34.728001Z","level":"info","event":"Done. Returned value was: {'pipeline': 'Credit Card Clustering Analysis', 'status': 'SUCCESS', 'timestamp': '2025-10-07 01:52:34', 'optimal_clusters': 5, 'prediction_result': 5, 'silhouette_score': 0.3431572160279554, 'final_sse': 4520.653574690553, 'message': 'Pipeline completed successfully!'}","logger":"airflow.task.operators.airflow.providers.standard.operators.python.PythonOperator","filename":"python.py","lineno":218}
{"timestamp":"2025-10-07T01:52:34.728084Z","level":"info","event":"Pushing xcom","ti":"RuntimeTaskInstance(id=UUID('0199bc5e-9384-74d0-9f0c-26db3d870c05'), task_id='send_notification_task', dag_id='Airflow_Lab1', run_id='manual__2025-10-07T01:52:18.792277+00:00', try_number=1, dag_version_id=UUID('0199bc55-4b0c-75dc-88b3-53cc0a101519'), map_index=-1, hostname='ef71977fa6ce', context_carrier={}, task=<Task(PythonOperator): send_notification_task>, bundle_instance=LocalDagBundle(name=dags-folder), max_tries=0, start_date=datetime.datetime(2025, 10, 7, 1, 52, 34, 116239, tzinfo=datetime.timezone.utc), end_date=None, state=<TaskInstanceState.RUNNING: 'running'>, is_mapped=False, rendered_map_index=None)","logger":"task","filename":"task_runner.py","lineno":1352}
